[07-Jul-2023 12:08:51 UTC] PHP Warning:  An unexpected error occurred. Something may be wrong with WordPress.org or this server&#8217;s configuration. If you continue to have problems, please try the <a href="https://wordpress.org/support/forums/">support forums</a>. (WordPress could not establish a secure connection to WordPress.org. Please contact your server administrator.) in /var/www/html/wordpress-6.2.2/wordpress/wp-includes/update.php on line 728
[07-Jul-2023 12:29:34 UTC] PHP Warning:  An unexpected error occurred. Something may be wrong with WordPress.org or this server&#8217;s configuration. If you continue to have problems, please try the <a href="https://wordpress.org/support/forums/">support forums</a>. (WordPress could not establish a secure connection to WordPress.org. Please contact your server administrator.) in /var/www/html/wordpress-6.2.2/wordpress/wp-includes/update.php on line 447
[07-Jul-2023 12:29:50 UTC] PHP Warning:  An unexpected error occurred. Something may be wrong with WordPress.org or this server&#8217;s configuration. If you continue to have problems, please try the <a href="https://wordpress.org/support/forums/">support forums</a>. (WordPress could not establish a secure connection to WordPress.org. Please contact your server administrator.) in /var/www/html/wordpress-6.2.2/wordpress/wp-includes/update.php on line 728
[07-Jul-2023 12:32:34 UTC] PHP Warning:  An unexpected error occurred. Something may be wrong with WordPress.org or this server&#8217;s configuration. If you continue to have problems, please try the <a href="https://wordpress.org/support/forums/">support forums</a>. (WordPress could not establish a secure connection to WordPress.org. Please contact your server administrator.) in /var/www/html/wordpress-6.2.2/wordpress/wp-includes/update.php on line 447
[07-Jul-2023 12:32:50 UTC] PHP Warning:  An unexpected error occurred. Something may be wrong with WordPress.org or this server&#8217;s configuration. If you continue to have problems, please try the <a href="https://wordpress.org/support/forums/">support forums</a>. (WordPress could not establish a secure connection to WordPress.org. Please contact your server administrator.) in /var/www/html/wordpress-6.2.2/wordpress/wp-includes/update.php on line 728
[07-Jul-2023 12:33:01 UTC] PHP Warning:  An unexpected error occurred. Something may be wrong with WordPress.org or this server&#8217;s configuration. If you continue to have problems, please try the <a href="https://wordpress.org/support/forums/">support forums</a>. (WordPress could not establish a secure connection to WordPress.org. Please contact your server administrator.) in /var/www/html/wordpress-6.2.2/wordpress/wp-includes/update.php on line 209
[07-Jul-2023 13:39:20 UTC] PHP Warning:  An unexpected error occurred. Something may be wrong with WordPress.org or this server&#8217;s configuration. If you continue to have problems, please try the <a href="https://wordpress.org/support/forums/">support forums</a>. (WordPress could not establish a secure connection to WordPress.org. Please contact your server administrator.) in /var/www/html/wordpress-6.2.2/wordpress/wp-includes/update.php on line 209
[07-Jul-2023 13:51:11 UTC] PHP Warning:  An unexpected error occurred. Something may be wrong with WordPress.org or this server&#8217;s configuration. If you continue to have problems, please try the <a href="https://wordpress.org/support/forums/">support forums</a>. (WordPress could not establish a secure connection to WordPress.org. Please contact your server administrator.) in /var/www/html/wordpress-6.2.2/wordpress/wp-includes/update.php on line 728
[07-Jul-2023 13:52:42 UTC] PHP Deprecated:  strip_tags(): Passing null to parameter #1 ($string) of type string is deprecated in /var/www/html/wordpress-6.2.2/wordpress/wp-admin/admin-header.php on line 36
[07-Jul-2023 13:52:52 UTC] PHP Warning:  Trying to access array offset on value of type null in /var/www/html/wordpress-6.2.2/wordpress/wp-content/plugins/wordpress-seo/src/integrations/admin/helpscout-beacon.php on line 258
[07-Jul-2023 13:52:52 UTC] PHP Warning:  Trying to access array offset on value of type null in /var/www/html/wordpress-6.2.2/wordpress/wp-content/plugins/wordpress-seo/src/integrations/admin/helpscout-beacon.php on line 258
[07-Jul-2023 13:56:00 UTC] PHP Warning:  An unexpected error occurred. Something may be wrong with WordPress.org or this server&#8217;s configuration. If you continue to have problems, please try the <a href="https://wordpress.org/support/forums/">support forums</a>. (WordPress could not establish a secure connection to WordPress.org. Please contact your server administrator.) in /var/www/html/wordpress-6.2.2/wordpress/wp-includes/update.php on line 447
[07-Jul-2023 13:56:03 UTC] PHP Deprecated:  rtrim(): Passing null to parameter #1 ($string) of type string is deprecated in /var/www/html/wordpress-6.2.2/wordpress/wp-includes/formatting.php on line 2809
[07-Jul-2023 13:56:46 UTC] PHP Deprecated:  rtrim(): Passing null to parameter #1 ($string) of type string is deprecated in /var/www/html/wordpress-6.2.2/wordpress/wp-includes/formatting.php on line 2809
[07-Jul-2023 13:56:49 UTC] PHP Deprecated:  rtrim(): Passing null to parameter #1 ($string) of type string is deprecated in /var/www/html/wordpress-6.2.2/wordpress/wp-includes/formatting.php on line 2809
[07-Jul-2023 13:56:50 UTC] PHP Deprecated:  rtrim(): Passing null to parameter #1 ($string) of type string is deprecated in /var/www/html/wordpress-6.2.2/wordpress/wp-includes/formatting.php on line 2809
[07-Jul-2023 13:56:50 UTC] PHP Deprecated:  rtrim(): Passing null to parameter #1 ($string) of type string is deprecated in /var/www/html/wordpress-6.2.2/wordpress/wp-includes/formatting.php on line 2809
[07-Jul-2023 13:56:52 UTC] PHP Deprecated:  rtrim(): Passing null to parameter #1 ($string) of type string is deprecated in /var/www/html/wordpress-6.2.2/wordpress/wp-includes/formatting.php on line 2809
[07-Jul-2023 13:57:01 UTC] PHP Deprecated:  rtrim(): Passing null to parameter #1 ($string) of type string is deprecated in /var/www/html/wordpress-6.2.2/wordpress/wp-includes/formatting.php on line 2809
[07-Jul-2023 13:57:01 UTC] PHP Deprecated:  rtrim(): Passing null to parameter #1 ($string) of type string is deprecated in /var/www/html/wordpress-6.2.2/wordpress/wp-includes/formatting.php on line 2809
[07-Jul-2023 13:57:49 UTC] PHP Deprecated:  rtrim(): Passing null to parameter #1 ($string) of type string is deprecated in /var/www/html/wordpress-6.2.2/wordpress/wp-includes/formatting.php on line 2809
[07-Jul-2023 13:58:49 UTC] PHP Deprecated:  rtrim(): Passing null to parameter #1 ($string) of type string is deprecated in /var/www/html/wordpress-6.2.2/wordpress/wp-includes/formatting.php on line 2809
[07-Jul-2023 13:59:49 UTC] PHP Deprecated:  rtrim(): Passing null to parameter #1 ($string) of type string is deprecated in /var/www/html/wordpress-6.2.2/wordpress/wp-includes/formatting.php on line 2809
[07-Jul-2023 14:01:14 UTC] PHP Deprecated:  rtrim(): Passing null to parameter #1 ($string) of type string is deprecated in /var/www/html/wordpress-6.2.2/wordpress/wp-includes/formatting.php on line 2809
[07-Jul-2023 14:01:15 UTC] PHP Deprecated:  rtrim(): Passing null to parameter #1 ($string) of type string is deprecated in /var/www/html/wordpress-6.2.2/wordpress/wp-includes/formatting.php on line 2809
[07-Jul-2023 14:24:05 UTC] PHP Warning:  Trying to access array offset on value of type null in /var/www/html/wordpress-6.2.2/wordpress/wp-content/plugins/wordpress-seo/src/integrations/admin/helpscout-beacon.php on line 258
[07-Jul-2023 14:24:05 UTC] PHP Warning:  Trying to access array offset on value of type null in /var/www/html/wordpress-6.2.2/wordpress/wp-content/plugins/wordpress-seo/src/integrations/admin/helpscout-beacon.php on line 258
[07-Jul-2023 14:30:59 UTC] PHP Warning:  Trying to access array offset on value of type null in /var/www/html/wordpress-6.2.2/wordpress/wp-content/plugins/wordpress-seo/src/integrations/admin/helpscout-beacon.php on line 258
[07-Jul-2023 14:30:59 UTC] PHP Warning:  Trying to access array offset on value of type null in /var/www/html/wordpress-6.2.2/wordpress/wp-content/plugins/wordpress-seo/src/integrations/admin/helpscout-beacon.php on line 258
[08-Jul-2023 12:44:24 UTC] PHP Warning:  An unexpected error occurred. Something may be wrong with WordPress.org or this server&#8217;s configuration. If you continue to have problems, please try the <a href="https://wordpress.org/support/forums/">support forums</a>. (WordPress could not establish a secure connection to WordPress.org. Please contact your server administrator.) in /var/www/html/wordpress-6.2.2/wordpress/wp-includes/update.php on line 447
[08-Jul-2023 12:44:34 UTC] PHP Warning:  Trying to access array offset on value of type null in /var/www/html/wordpress-6.2.2/wordpress/wp-content/plugins/wordpress-seo/src/integrations/admin/helpscout-beacon.php on line 258
[08-Jul-2023 12:44:34 UTC] PHP Warning:  Trying to access array offset on value of type null in /var/www/html/wordpress-6.2.2/wordpress/wp-content/plugins/wordpress-seo/src/integrations/admin/helpscout-beacon.php on line 258
[08-Jul-2023 12:44:50 UTC] PHP Warning:  An unexpected error occurred. Something may be wrong with WordPress.org or this server&#8217;s configuration. If you continue to have problems, please try the <a href="https://wordpress.org/support/forums/">support forums</a>. (WordPress could not establish a secure connection to WordPress.org. Please contact your server administrator.) in /var/www/html/wordpress-6.2.2/wordpress/wp-includes/update.php on line 447
[08-Jul-2023 12:44:56 UTC] PHP Warning:  An unexpected error occurred. Something may be wrong with WordPress.org or this server&#8217;s configuration. If you continue to have problems, please try the <a href="https://wordpress.org/support/forums/">support forums</a>. (WordPress could not establish a secure connection to WordPress.org. Please contact your server administrator.) in /var/www/html/wordpress-6.2.2/wordpress/wp-includes/update.php on line 447
[08-Jul-2023 12:44:57 UTC] PHP Warning:  An unexpected error occurred. Something may be wrong with WordPress.org or this server&#8217;s configuration. If you continue to have problems, please try the <a href="https://wordpress.org/support/forums/">support forums</a>. (WordPress could not establish a secure connection to WordPress.org. Please contact your server administrator.) in /var/www/html/wordpress-6.2.2/wordpress/wp-includes/update.php on line 447
[08-Jul-2023 12:45:03 UTC] PHP Warning:  foreach() argument must be of type array|object, null given in /var/www/html/wordpress-6.2.2/wordpress/wp-content/plugins/wordpress-seo/inc/options/class-wpseo-options.php on line 564
[08-Jul-2023 12:45:03 UTC] PHP Warning:  foreach() argument must be of type array|object, null given in /var/www/html/wordpress-6.2.2/wordpress/wp-content/plugins/wordpress-seo/inc/options/class-wpseo-options.php on line 564
[08-Jul-2023 12:45:03 UTC] PHP Warning:  foreach() argument must be of type array|object, null given in /var/www/html/wordpress-6.2.2/wordpress/wp-content/plugins/wordpress-seo/inc/options/class-wpseo-options.php on line 564
[08-Jul-2023 12:45:03 UTC] PHP Warning:  foreach() argument must be of type array|object, null given in /var/www/html/wordpress-6.2.2/wordpress/wp-content/plugins/wordpress-seo/inc/options/class-wpseo-options.php on line 564
[08-Jul-2023 12:45:03 UTC] PHP Warning:  foreach() argument must be of type array|object, null given in /var/www/html/wordpress-6.2.2/wordpress/wp-content/plugins/wordpress-seo/inc/options/class-wpseo-options.php on line 564
[08-Jul-2023 16:51:24 UTC] PHP Warning:  An unexpected error occurred. Something may be wrong with WordPress.org or this server&#8217;s configuration. If you continue to have problems, please try the <a href="https://wordpress.org/support/forums/">support forums</a>. (WordPress could not establish a secure connection to WordPress.org. Please contact your server administrator.) in /var/www/html/wordpress-6.2.2/wordpress/wp-includes/update.php on line 728
[08-Jul-2023 16:52:36 UTC] PHP Deprecated:  Constant FILTER_SANITIZE_STRING is deprecated in /var/www/html/wordpress-6.2.2/wordpress/wp-content/themes/astra/inc/metabox/class-astra-meta-boxes.php on line 429
[08-Jul-2023 16:52:36 UTC] PHP Deprecated:  Constant FILTER_SANITIZE_STRING is deprecated in /var/www/html/wordpress-6.2.2/wordpress/wp-content/themes/astra/inc/metabox/class-astra-meta-boxes.php on line 429
[08-Jul-2023 16:52:36 UTC] PHP Deprecated:  Constant FILTER_SANITIZE_STRING is deprecated in /var/www/html/wordpress-6.2.2/wordpress/wp-content/themes/astra/inc/metabox/class-astra-meta-boxes.php on line 429
[08-Jul-2023 16:52:36 UTC] PHP Deprecated:  Constant FILTER_SANITIZE_STRING is deprecated in /var/www/html/wordpress-6.2.2/wordpress/wp-content/themes/astra/inc/metabox/class-astra-meta-boxes.php on line 429
[08-Jul-2023 16:52:36 UTC] PHP Deprecated:  Constant FILTER_SANITIZE_STRING is deprecated in /var/www/html/wordpress-6.2.2/wordpress/wp-content/themes/astra/inc/metabox/class-astra-meta-boxes.php on line 429
[08-Jul-2023 16:52:36 UTC] PHP Deprecated:  Constant FILTER_SANITIZE_STRING is deprecated in /var/www/html/wordpress-6.2.2/wordpress/wp-content/themes/astra/inc/metabox/class-astra-meta-boxes.php on line 429
[08-Jul-2023 16:52:36 UTC] PHP Deprecated:  Constant FILTER_SANITIZE_STRING is deprecated in /var/www/html/wordpress-6.2.2/wordpress/wp-content/themes/astra/inc/metabox/class-astra-meta-boxes.php on line 429
[08-Jul-2023 16:52:36 UTC] PHP Deprecated:  Constant FILTER_SANITIZE_STRING is deprecated in /var/www/html/wordpress-6.2.2/wordpress/wp-content/themes/astra/inc/metabox/class-astra-meta-boxes.php on line 429
[08-Jul-2023 16:52:36 UTC] PHP Deprecated:  Constant FILTER_SANITIZE_STRING is deprecated in /var/www/html/wordpress-6.2.2/wordpress/wp-content/themes/astra/inc/metabox/class-astra-meta-boxes.php on line 429
[08-Jul-2023 16:52:36 UTC] PHP Deprecated:  Constant FILTER_SANITIZE_STRING is deprecated in /var/www/html/wordpress-6.2.2/wordpress/wp-content/themes/astra/inc/metabox/class-astra-meta-boxes.php on line 429
[08-Jul-2023 16:52:36 UTC] PHP Deprecated:  Constant FILTER_SANITIZE_STRING is deprecated in /var/www/html/wordpress-6.2.2/wordpress/wp-content/themes/astra/inc/metabox/class-astra-meta-boxes.php on line 429
[08-Jul-2023 16:52:36 UTC] PHP Deprecated:  Constant FILTER_SANITIZE_STRING is deprecated in /var/www/html/wordpress-6.2.2/wordpress/wp-content/themes/astra/inc/metabox/class-astra-meta-boxes.php on line 429
[08-Jul-2023 16:52:36 UTC] PHP Deprecated:  Constant FILTER_SANITIZE_STRING is deprecated in /var/www/html/wordpress-6.2.2/wordpress/wp-content/themes/astra/inc/metabox/class-astra-meta-boxes.php on line 429
[08-Jul-2023 16:52:36 UTC] PHP Deprecated:  Constant FILTER_SANITIZE_STRING is deprecated in /var/www/html/wordpress-6.2.2/wordpress/wp-content/themes/astra/inc/metabox/class-astra-meta-boxes.php on line 429
[08-Jul-2023 17:07:41 UTC] PHP Deprecated:  Constant FILTER_SANITIZE_STRING is deprecated in /var/www/html/wordpress-6.2.2/wordpress/wp-content/themes/astra/inc/metabox/class-astra-meta-boxes.php on line 429
[08-Jul-2023 17:07:41 UTC] PHP Deprecated:  Constant FILTER_SANITIZE_STRING is deprecated in /var/www/html/wordpress-6.2.2/wordpress/wp-content/themes/astra/inc/metabox/class-astra-meta-boxes.php on line 429
[08-Jul-2023 17:07:41 UTC] PHP Deprecated:  Constant FILTER_SANITIZE_STRING is deprecated in /var/www/html/wordpress-6.2.2/wordpress/wp-content/themes/astra/inc/metabox/class-astra-meta-boxes.php on line 429
[08-Jul-2023 17:07:41 UTC] PHP Deprecated:  Constant FILTER_SANITIZE_STRING is deprecated in /var/www/html/wordpress-6.2.2/wordpress/wp-content/themes/astra/inc/metabox/class-astra-meta-boxes.php on line 429
[08-Jul-2023 17:07:41 UTC] PHP Deprecated:  Constant FILTER_SANITIZE_STRING is deprecated in /var/www/html/wordpress-6.2.2/wordpress/wp-content/themes/astra/inc/metabox/class-astra-meta-boxes.php on line 429
[08-Jul-2023 17:07:41 UTC] PHP Deprecated:  Constant FILTER_SANITIZE_STRING is deprecated in /var/www/html/wordpress-6.2.2/wordpress/wp-content/themes/astra/inc/metabox/class-astra-meta-boxes.php on line 429
[08-Jul-2023 17:07:41 UTC] PHP Deprecated:  Constant FILTER_SANITIZE_STRING is deprecated in /var/www/html/wordpress-6.2.2/wordpress/wp-content/themes/astra/inc/metabox/class-astra-meta-boxes.php on line 429
[08-Jul-2023 17:07:41 UTC] PHP Deprecated:  Constant FILTER_SANITIZE_STRING is deprecated in /var/www/html/wordpress-6.2.2/wordpress/wp-content/themes/astra/inc/metabox/class-astra-meta-boxes.php on line 429
[08-Jul-2023 17:07:41 UTC] PHP Deprecated:  Constant FILTER_SANITIZE_STRING is deprecated in /var/www/html/wordpress-6.2.2/wordpress/wp-content/themes/astra/inc/metabox/class-astra-meta-boxes.php on line 429
[08-Jul-2023 17:07:41 UTC] PHP Deprecated:  Constant FILTER_SANITIZE_STRING is deprecated in /var/www/html/wordpress-6.2.2/wordpress/wp-content/themes/astra/inc/metabox/class-astra-meta-boxes.php on line 429
[08-Jul-2023 17:07:41 UTC] PHP Deprecated:  Constant FILTER_SANITIZE_STRING is deprecated in /var/www/html/wordpress-6.2.2/wordpress/wp-content/themes/astra/inc/metabox/class-astra-meta-boxes.php on line 429
[08-Jul-2023 17:07:41 UTC] PHP Deprecated:  Constant FILTER_SANITIZE_STRING is deprecated in /var/www/html/wordpress-6.2.2/wordpress/wp-content/themes/astra/inc/metabox/class-astra-meta-boxes.php on line 429
[08-Jul-2023 17:07:41 UTC] PHP Deprecated:  Constant FILTER_SANITIZE_STRING is deprecated in /var/www/html/wordpress-6.2.2/wordpress/wp-content/themes/astra/inc/metabox/class-astra-meta-boxes.php on line 429
[08-Jul-2023 17:07:41 UTC] PHP Deprecated:  Constant FILTER_SANITIZE_STRING is deprecated in /var/www/html/wordpress-6.2.2/wordpress/wp-content/themes/astra/inc/metabox/class-astra-meta-boxes.php on line 429
[08-Jul-2023 17:15:03 UTC] PHP Deprecated:  Constant FILTER_SANITIZE_STRING is deprecated in /var/www/html/wordpress-6.2.2/wordpress/wp-content/themes/astra/inc/metabox/class-astra-meta-boxes.php on line 429
[08-Jul-2023 17:15:03 UTC] PHP Deprecated:  Constant FILTER_SANITIZE_STRING is deprecated in /var/www/html/wordpress-6.2.2/wordpress/wp-content/themes/astra/inc/metabox/class-astra-meta-boxes.php on line 429
[08-Jul-2023 17:15:03 UTC] PHP Deprecated:  Constant FILTER_SANITIZE_STRING is deprecated in /var/www/html/wordpress-6.2.2/wordpress/wp-content/themes/astra/inc/metabox/class-astra-meta-boxes.php on line 429
[08-Jul-2023 17:15:03 UTC] PHP Deprecated:  Constant FILTER_SANITIZE_STRING is deprecated in /var/www/html/wordpress-6.2.2/wordpress/wp-content/themes/astra/inc/metabox/class-astra-meta-boxes.php on line 429
[08-Jul-2023 17:15:03 UTC] PHP Deprecated:  Constant FILTER_SANITIZE_STRING is deprecated in /var/www/html/wordpress-6.2.2/wordpress/wp-content/themes/astra/inc/metabox/class-astra-meta-boxes.php on line 429
[08-Jul-2023 17:15:03 UTC] PHP Deprecated:  Constant FILTER_SANITIZE_STRING is deprecated in /var/www/html/wordpress-6.2.2/wordpress/wp-content/themes/astra/inc/metabox/class-astra-meta-boxes.php on line 429
[08-Jul-2023 17:15:03 UTC] PHP Deprecated:  Constant FILTER_SANITIZE_STRING is deprecated in /var/www/html/wordpress-6.2.2/wordpress/wp-content/themes/astra/inc/metabox/class-astra-meta-boxes.php on line 429
[08-Jul-2023 17:15:03 UTC] PHP Deprecated:  Constant FILTER_SANITIZE_STRING is deprecated in /var/www/html/wordpress-6.2.2/wordpress/wp-content/themes/astra/inc/metabox/class-astra-meta-boxes.php on line 429
[08-Jul-2023 17:15:03 UTC] PHP Deprecated:  Constant FILTER_SANITIZE_STRING is deprecated in /var/www/html/wordpress-6.2.2/wordpress/wp-content/themes/astra/inc/metabox/class-astra-meta-boxes.php on line 429
[08-Jul-2023 17:15:03 UTC] PHP Deprecated:  Constant FILTER_SANITIZE_STRING is deprecated in /var/www/html/wordpress-6.2.2/wordpress/wp-content/themes/astra/inc/metabox/class-astra-meta-boxes.php on line 429
[08-Jul-2023 17:15:03 UTC] PHP Deprecated:  Constant FILTER_SANITIZE_STRING is deprecated in /var/www/html/wordpress-6.2.2/wordpress/wp-content/themes/astra/inc/metabox/class-astra-meta-boxes.php on line 429
[08-Jul-2023 17:15:03 UTC] PHP Deprecated:  Constant FILTER_SANITIZE_STRING is deprecated in /var/www/html/wordpress-6.2.2/wordpress/wp-content/themes/astra/inc/metabox/class-astra-meta-boxes.php on line 429
[08-Jul-2023 17:15:03 UTC] PHP Deprecated:  Constant FILTER_SANITIZE_STRING is deprecated in /var/www/html/wordpress-6.2.2/wordpress/wp-content/themes/astra/inc/metabox/class-astra-meta-boxes.php on line 429
[08-Jul-2023 17:15:03 UTC] PHP Deprecated:  Constant FILTER_SANITIZE_STRING is deprecated in /var/www/html/wordpress-6.2.2/wordpress/wp-content/themes/astra/inc/metabox/class-astra-meta-boxes.php on line 429
[08-Jul-2023 17:23:31 UTC] PHP Deprecated:  Constant FILTER_SANITIZE_STRING is deprecated in /var/www/html/wordpress-6.2.2/wordpress/wp-content/themes/astra/inc/metabox/class-astra-meta-boxes.php on line 429
[08-Jul-2023 17:23:31 UTC] PHP Deprecated:  Constant FILTER_SANITIZE_STRING is deprecated in /var/www/html/wordpress-6.2.2/wordpress/wp-content/themes/astra/inc/metabox/class-astra-meta-boxes.php on line 429
[08-Jul-2023 17:23:31 UTC] PHP Deprecated:  Constant FILTER_SANITIZE_STRING is deprecated in /var/www/html/wordpress-6.2.2/wordpress/wp-content/themes/astra/inc/metabox/class-astra-meta-boxes.php on line 429
[08-Jul-2023 17:23:31 UTC] PHP Deprecated:  Constant FILTER_SANITIZE_STRING is deprecated in /var/www/html/wordpress-6.2.2/wordpress/wp-content/themes/astra/inc/metabox/class-astra-meta-boxes.php on line 429
[08-Jul-2023 17:23:31 UTC] PHP Deprecated:  Constant FILTER_SANITIZE_STRING is deprecated in /var/www/html/wordpress-6.2.2/wordpress/wp-content/themes/astra/inc/metabox/class-astra-meta-boxes.php on line 429
[08-Jul-2023 17:23:31 UTC] PHP Deprecated:  Constant FILTER_SANITIZE_STRING is deprecated in /var/www/html/wordpress-6.2.2/wordpress/wp-content/themes/astra/inc/metabox/class-astra-meta-boxes.php on line 429
[08-Jul-2023 17:23:31 UTC] PHP Deprecated:  Constant FILTER_SANITIZE_STRING is deprecated in /var/www/html/wordpress-6.2.2/wordpress/wp-content/themes/astra/inc/metabox/class-astra-meta-boxes.php on line 429
[08-Jul-2023 17:23:31 UTC] PHP Deprecated:  Constant FILTER_SANITIZE_STRING is deprecated in /var/www/html/wordpress-6.2.2/wordpress/wp-content/themes/astra/inc/metabox/class-astra-meta-boxes.php on line 429
[08-Jul-2023 17:23:31 UTC] PHP Deprecated:  Constant FILTER_SANITIZE_STRING is deprecated in /var/www/html/wordpress-6.2.2/wordpress/wp-content/themes/astra/inc/metabox/class-astra-meta-boxes.php on line 429
[08-Jul-2023 17:23:31 UTC] PHP Deprecated:  Constant FILTER_SANITIZE_STRING is deprecated in /var/www/html/wordpress-6.2.2/wordpress/wp-content/themes/astra/inc/metabox/class-astra-meta-boxes.php on line 429
[08-Jul-2023 17:23:31 UTC] PHP Deprecated:  Constant FILTER_SANITIZE_STRING is deprecated in /var/www/html/wordpress-6.2.2/wordpress/wp-content/themes/astra/inc/metabox/class-astra-meta-boxes.php on line 429
[08-Jul-2023 17:23:31 UTC] PHP Deprecated:  Constant FILTER_SANITIZE_STRING is deprecated in /var/www/html/wordpress-6.2.2/wordpress/wp-content/themes/astra/inc/metabox/class-astra-meta-boxes.php on line 429
[08-Jul-2023 17:23:31 UTC] PHP Deprecated:  Constant FILTER_SANITIZE_STRING is deprecated in /var/www/html/wordpress-6.2.2/wordpress/wp-content/themes/astra/inc/metabox/class-astra-meta-boxes.php on line 429
[08-Jul-2023 17:23:31 UTC] PHP Deprecated:  Constant FILTER_SANITIZE_STRING is deprecated in /var/www/html/wordpress-6.2.2/wordpress/wp-content/themes/astra/inc/metabox/class-astra-meta-boxes.php on line 429
[08-Jul-2023 17:57:53 UTC] PHP Deprecated:  Constant FILTER_SANITIZE_STRING is deprecated in /var/www/html/wordpress-6.2.2/wordpress/wp-content/themes/astra/inc/metabox/class-astra-meta-boxes.php on line 429
[08-Jul-2023 17:57:53 UTC] PHP Deprecated:  Constant FILTER_SANITIZE_STRING is deprecated in /var/www/html/wordpress-6.2.2/wordpress/wp-content/themes/astra/inc/metabox/class-astra-meta-boxes.php on line 429
[08-Jul-2023 17:57:53 UTC] PHP Deprecated:  Constant FILTER_SANITIZE_STRING is deprecated in /var/www/html/wordpress-6.2.2/wordpress/wp-content/themes/astra/inc/metabox/class-astra-meta-boxes.php on line 429
[08-Jul-2023 17:57:53 UTC] PHP Deprecated:  Constant FILTER_SANITIZE_STRING is deprecated in /var/www/html/wordpress-6.2.2/wordpress/wp-content/themes/astra/inc/metabox/class-astra-meta-boxes.php on line 429
[08-Jul-2023 17:57:53 UTC] PHP Deprecated:  Constant FILTER_SANITIZE_STRING is deprecated in /var/www/html/wordpress-6.2.2/wordpress/wp-content/themes/astra/inc/metabox/class-astra-meta-boxes.php on line 429
[08-Jul-2023 17:57:53 UTC] PHP Deprecated:  Constant FILTER_SANITIZE_STRING is deprecated in /var/www/html/wordpress-6.2.2/wordpress/wp-content/themes/astra/inc/metabox/class-astra-meta-boxes.php on line 429
[08-Jul-2023 17:57:53 UTC] PHP Deprecated:  Constant FILTER_SANITIZE_STRING is deprecated in /var/www/html/wordpress-6.2.2/wordpress/wp-content/themes/astra/inc/metabox/class-astra-meta-boxes.php on line 429
[08-Jul-2023 17:57:53 UTC] PHP Deprecated:  Constant FILTER_SANITIZE_STRING is deprecated in /var/www/html/wordpress-6.2.2/wordpress/wp-content/themes/astra/inc/metabox/class-astra-meta-boxes.php on line 429
[08-Jul-2023 17:57:53 UTC] PHP Deprecated:  Constant FILTER_SANITIZE_STRING is deprecated in /var/www/html/wordpress-6.2.2/wordpress/wp-content/themes/astra/inc/metabox/class-astra-meta-boxes.php on line 429
[08-Jul-2023 17:57:53 UTC] PHP Deprecated:  Constant FILTER_SANITIZE_STRING is deprecated in /var/www/html/wordpress-6.2.2/wordpress/wp-content/themes/astra/inc/metabox/class-astra-meta-boxes.php on line 429
[08-Jul-2023 17:57:53 UTC] PHP Deprecated:  Constant FILTER_SANITIZE_STRING is deprecated in /var/www/html/wordpress-6.2.2/wordpress/wp-content/themes/astra/inc/metabox/class-astra-meta-boxes.php on line 429
[08-Jul-2023 17:57:53 UTC] PHP Deprecated:  Constant FILTER_SANITIZE_STRING is deprecated in /var/www/html/wordpress-6.2.2/wordpress/wp-content/themes/astra/inc/metabox/class-astra-meta-boxes.php on line 429
[08-Jul-2023 17:57:53 UTC] PHP Deprecated:  Constant FILTER_SANITIZE_STRING is deprecated in /var/www/html/wordpress-6.2.2/wordpress/wp-content/themes/astra/inc/metabox/class-astra-meta-boxes.php on line 429
[08-Jul-2023 17:57:53 UTC] PHP Deprecated:  Constant FILTER_SANITIZE_STRING is deprecated in /var/www/html/wordpress-6.2.2/wordpress/wp-content/themes/astra/inc/metabox/class-astra-meta-boxes.php on line 429
[08-Jul-2023 17:58:42 UTC] PHP Deprecated:  Constant FILTER_SANITIZE_STRING is deprecated in /var/www/html/wordpress-6.2.2/wordpress/wp-content/themes/astra/inc/metabox/class-astra-meta-boxes.php on line 429
[08-Jul-2023 17:58:42 UTC] PHP Deprecated:  Constant FILTER_SANITIZE_STRING is deprecated in /var/www/html/wordpress-6.2.2/wordpress/wp-content/themes/astra/inc/metabox/class-astra-meta-boxes.php on line 429
[08-Jul-2023 17:58:42 UTC] PHP Deprecated:  Constant FILTER_SANITIZE_STRING is deprecated in /var/www/html/wordpress-6.2.2/wordpress/wp-content/themes/astra/inc/metabox/class-astra-meta-boxes.php on line 429
[08-Jul-2023 17:58:42 UTC] PHP Deprecated:  Constant FILTER_SANITIZE_STRING is deprecated in /var/www/html/wordpress-6.2.2/wordpress/wp-content/themes/astra/inc/metabox/class-astra-meta-boxes.php on line 429
[08-Jul-2023 17:58:42 UTC] PHP Deprecated:  Constant FILTER_SANITIZE_STRING is deprecated in /var/www/html/wordpress-6.2.2/wordpress/wp-content/themes/astra/inc/metabox/class-astra-meta-boxes.php on line 429
[08-Jul-2023 17:58:42 UTC] PHP Deprecated:  Constant FILTER_SANITIZE_STRING is deprecated in /var/www/html/wordpress-6.2.2/wordpress/wp-content/themes/astra/inc/metabox/class-astra-meta-boxes.php on line 429
[08-Jul-2023 17:58:42 UTC] PHP Deprecated:  Constant FILTER_SANITIZE_STRING is deprecated in /var/www/html/wordpress-6.2.2/wordpress/wp-content/themes/astra/inc/metabox/class-astra-meta-boxes.php on line 429
[08-Jul-2023 17:58:42 UTC] PHP Deprecated:  Constant FILTER_SANITIZE_STRING is deprecated in /var/www/html/wordpress-6.2.2/wordpress/wp-content/themes/astra/inc/metabox/class-astra-meta-boxes.php on line 429
[08-Jul-2023 17:58:42 UTC] PHP Deprecated:  Constant FILTER_SANITIZE_STRING is deprecated in /var/www/html/wordpress-6.2.2/wordpress/wp-content/themes/astra/inc/metabox/class-astra-meta-boxes.php on line 429
[08-Jul-2023 17:58:42 UTC] PHP Deprecated:  Constant FILTER_SANITIZE_STRING is deprecated in /var/www/html/wordpress-6.2.2/wordpress/wp-content/themes/astra/inc/metabox/class-astra-meta-boxes.php on line 429
[08-Jul-2023 17:58:42 UTC] PHP Deprecated:  Constant FILTER_SANITIZE_STRING is deprecated in /var/www/html/wordpress-6.2.2/wordpress/wp-content/themes/astra/inc/metabox/class-astra-meta-boxes.php on line 429
[08-Jul-2023 17:58:42 UTC] PHP Deprecated:  Constant FILTER_SANITIZE_STRING is deprecated in /var/www/html/wordpress-6.2.2/wordpress/wp-content/themes/astra/inc/metabox/class-astra-meta-boxes.php on line 429
[08-Jul-2023 17:58:42 UTC] PHP Deprecated:  Constant FILTER_SANITIZE_STRING is deprecated in /var/www/html/wordpress-6.2.2/wordpress/wp-content/themes/astra/inc/metabox/class-astra-meta-boxes.php on line 429
[08-Jul-2023 17:58:42 UTC] PHP Deprecated:  Constant FILTER_SANITIZE_STRING is deprecated in /var/www/html/wordpress-6.2.2/wordpress/wp-content/themes/astra/inc/metabox/class-astra-meta-boxes.php on line 429
[08-Jul-2023 18:37:01 UTC] PHP Deprecated:  Constant FILTER_SANITIZE_STRING is deprecated in /var/www/html/wordpress-6.2.2/wordpress/wp-content/themes/astra/inc/metabox/class-astra-meta-boxes.php on line 429
[08-Jul-2023 18:37:01 UTC] PHP Deprecated:  Constant FILTER_SANITIZE_STRING is deprecated in /var/www/html/wordpress-6.2.2/wordpress/wp-content/themes/astra/inc/metabox/class-astra-meta-boxes.php on line 429
[08-Jul-2023 18:37:01 UTC] PHP Deprecated:  Constant FILTER_SANITIZE_STRING is deprecated in /var/www/html/wordpress-6.2.2/wordpress/wp-content/themes/astra/inc/metabox/class-astra-meta-boxes.php on line 429
[08-Jul-2023 18:37:01 UTC] PHP Deprecated:  Constant FILTER_SANITIZE_STRING is deprecated in /var/www/html/wordpress-6.2.2/wordpress/wp-content/themes/astra/inc/metabox/class-astra-meta-boxes.php on line 429
[08-Jul-2023 18:37:01 UTC] PHP Deprecated:  Constant FILTER_SANITIZE_STRING is deprecated in /var/www/html/wordpress-6.2.2/wordpress/wp-content/themes/astra/inc/metabox/class-astra-meta-boxes.php on line 429
[08-Jul-2023 18:37:01 UTC] PHP Deprecated:  Constant FILTER_SANITIZE_STRING is deprecated in /var/www/html/wordpress-6.2.2/wordpress/wp-content/themes/astra/inc/metabox/class-astra-meta-boxes.php on line 429
[08-Jul-2023 18:37:01 UTC] PHP Deprecated:  Constant FILTER_SANITIZE_STRING is deprecated in /var/www/html/wordpress-6.2.2/wordpress/wp-content/themes/astra/inc/metabox/class-astra-meta-boxes.php on line 429
[08-Jul-2023 18:37:01 UTC] PHP Deprecated:  Constant FILTER_SANITIZE_STRING is deprecated in /var/www/html/wordpress-6.2.2/wordpress/wp-content/themes/astra/inc/metabox/class-astra-meta-boxes.php on line 429
[08-Jul-2023 18:37:01 UTC] PHP Deprecated:  Constant FILTER_SANITIZE_STRING is deprecated in /var/www/html/wordpress-6.2.2/wordpress/wp-content/themes/astra/inc/metabox/class-astra-meta-boxes.php on line 429
[08-Jul-2023 18:37:01 UTC] PHP Deprecated:  Constant FILTER_SANITIZE_STRING is deprecated in /var/www/html/wordpress-6.2.2/wordpress/wp-content/themes/astra/inc/metabox/class-astra-meta-boxes.php on line 429
[08-Jul-2023 18:37:01 UTC] PHP Deprecated:  Constant FILTER_SANITIZE_STRING is deprecated in /var/www/html/wordpress-6.2.2/wordpress/wp-content/themes/astra/inc/metabox/class-astra-meta-boxes.php on line 429
[08-Jul-2023 18:37:01 UTC] PHP Deprecated:  Constant FILTER_SANITIZE_STRING is deprecated in /var/www/html/wordpress-6.2.2/wordpress/wp-content/themes/astra/inc/metabox/class-astra-meta-boxes.php on line 429
[08-Jul-2023 18:37:01 UTC] PHP Deprecated:  Constant FILTER_SANITIZE_STRING is deprecated in /var/www/html/wordpress-6.2.2/wordpress/wp-content/themes/astra/inc/metabox/class-astra-meta-boxes.php on line 429
[08-Jul-2023 18:37:01 UTC] PHP Deprecated:  Constant FILTER_SANITIZE_STRING is deprecated in /var/www/html/wordpress-6.2.2/wordpress/wp-content/themes/astra/inc/metabox/class-astra-meta-boxes.php on line 429
[08-Jul-2023 18:37:57 UTC] PHP Deprecated:  Constant FILTER_SANITIZE_STRING is deprecated in /var/www/html/wordpress-6.2.2/wordpress/wp-content/themes/astra/inc/metabox/class-astra-meta-boxes.php on line 429
[08-Jul-2023 18:37:57 UTC] PHP Deprecated:  Constant FILTER_SANITIZE_STRING is deprecated in /var/www/html/wordpress-6.2.2/wordpress/wp-content/themes/astra/inc/metabox/class-astra-meta-boxes.php on line 429
[08-Jul-2023 18:37:57 UTC] PHP Deprecated:  Constant FILTER_SANITIZE_STRING is deprecated in /var/www/html/wordpress-6.2.2/wordpress/wp-content/themes/astra/inc/metabox/class-astra-meta-boxes.php on line 429
[08-Jul-2023 18:37:57 UTC] PHP Deprecated:  Constant FILTER_SANITIZE_STRING is deprecated in /var/www/html/wordpress-6.2.2/wordpress/wp-content/themes/astra/inc/metabox/class-astra-meta-boxes.php on line 429
[08-Jul-2023 18:37:57 UTC] PHP Deprecated:  Constant FILTER_SANITIZE_STRING is deprecated in /var/www/html/wordpress-6.2.2/wordpress/wp-content/themes/astra/inc/metabox/class-astra-meta-boxes.php on line 429
[08-Jul-2023 18:37:57 UTC] PHP Deprecated:  Constant FILTER_SANITIZE_STRING is deprecated in /var/www/html/wordpress-6.2.2/wordpress/wp-content/themes/astra/inc/metabox/class-astra-meta-boxes.php on line 429
[08-Jul-2023 18:37:57 UTC] PHP Deprecated:  Constant FILTER_SANITIZE_STRING is deprecated in /var/www/html/wordpress-6.2.2/wordpress/wp-content/themes/astra/inc/metabox/class-astra-meta-boxes.php on line 429
[08-Jul-2023 18:37:57 UTC] PHP Deprecated:  Constant FILTER_SANITIZE_STRING is deprecated in /var/www/html/wordpress-6.2.2/wordpress/wp-content/themes/astra/inc/metabox/class-astra-meta-boxes.php on line 429
[08-Jul-2023 18:37:57 UTC] PHP Deprecated:  Constant FILTER_SANITIZE_STRING is deprecated in /var/www/html/wordpress-6.2.2/wordpress/wp-content/themes/astra/inc/metabox/class-astra-meta-boxes.php on line 429
[08-Jul-2023 18:37:57 UTC] PHP Deprecated:  Constant FILTER_SANITIZE_STRING is deprecated in /var/www/html/wordpress-6.2.2/wordpress/wp-content/themes/astra/inc/metabox/class-astra-meta-boxes.php on line 429
[08-Jul-2023 18:37:57 UTC] PHP Deprecated:  Constant FILTER_SANITIZE_STRING is deprecated in /var/www/html/wordpress-6.2.2/wordpress/wp-content/themes/astra/inc/metabox/class-astra-meta-boxes.php on line 429
[08-Jul-2023 18:37:57 UTC] PHP Deprecated:  Constant FILTER_SANITIZE_STRING is deprecated in /var/www/html/wordpress-6.2.2/wordpress/wp-content/themes/astra/inc/metabox/class-astra-meta-boxes.php on line 429
[08-Jul-2023 18:37:57 UTC] PHP Deprecated:  Constant FILTER_SANITIZE_STRING is deprecated in /var/www/html/wordpress-6.2.2/wordpress/wp-content/themes/astra/inc/metabox/class-astra-meta-boxes.php on line 429
[08-Jul-2023 18:37:57 UTC] PHP Deprecated:  Constant FILTER_SANITIZE_STRING is deprecated in /var/www/html/wordpress-6.2.2/wordpress/wp-content/themes/astra/inc/metabox/class-astra-meta-boxes.php on line 429
[08-Jul-2023 18:47:44 UTC] PHP Deprecated:  Constant FILTER_SANITIZE_STRING is deprecated in /var/www/html/wordpress-6.2.2/wordpress/wp-content/themes/astra/inc/metabox/class-astra-meta-boxes.php on line 429
[08-Jul-2023 18:47:44 UTC] PHP Deprecated:  Constant FILTER_SANITIZE_STRING is deprecated in /var/www/html/wordpress-6.2.2/wordpress/wp-content/themes/astra/inc/metabox/class-astra-meta-boxes.php on line 429
[08-Jul-2023 18:47:44 UTC] PHP Deprecated:  Constant FILTER_SANITIZE_STRING is deprecated in /var/www/html/wordpress-6.2.2/wordpress/wp-content/themes/astra/inc/metabox/class-astra-meta-boxes.php on line 429
[08-Jul-2023 18:47:44 UTC] PHP Deprecated:  Constant FILTER_SANITIZE_STRING is deprecated in /var/www/html/wordpress-6.2.2/wordpress/wp-content/themes/astra/inc/metabox/class-astra-meta-boxes.php on line 429
[08-Jul-2023 18:47:44 UTC] PHP Deprecated:  Constant FILTER_SANITIZE_STRING is deprecated in /var/www/html/wordpress-6.2.2/wordpress/wp-content/themes/astra/inc/metabox/class-astra-meta-boxes.php on line 429
[08-Jul-2023 18:47:44 UTC] PHP Deprecated:  Constant FILTER_SANITIZE_STRING is deprecated in /var/www/html/wordpress-6.2.2/wordpress/wp-content/themes/astra/inc/metabox/class-astra-meta-boxes.php on line 429
[08-Jul-2023 18:47:44 UTC] PHP Deprecated:  Constant FILTER_SANITIZE_STRING is deprecated in /var/www/html/wordpress-6.2.2/wordpress/wp-content/themes/astra/inc/metabox/class-astra-meta-boxes.php on line 429
[08-Jul-2023 18:47:44 UTC] PHP Deprecated:  Constant FILTER_SANITIZE_STRING is deprecated in /var/www/html/wordpress-6.2.2/wordpress/wp-content/themes/astra/inc/metabox/class-astra-meta-boxes.php on line 429
[08-Jul-2023 18:47:44 UTC] PHP Deprecated:  Constant FILTER_SANITIZE_STRING is deprecated in /var/www/html/wordpress-6.2.2/wordpress/wp-content/themes/astra/inc/metabox/class-astra-meta-boxes.php on line 429
[08-Jul-2023 18:47:44 UTC] PHP Deprecated:  Constant FILTER_SANITIZE_STRING is deprecated in /var/www/html/wordpress-6.2.2/wordpress/wp-content/themes/astra/inc/metabox/class-astra-meta-boxes.php on line 429
[08-Jul-2023 18:47:44 UTC] PHP Deprecated:  Constant FILTER_SANITIZE_STRING is deprecated in /var/www/html/wordpress-6.2.2/wordpress/wp-content/themes/astra/inc/metabox/class-astra-meta-boxes.php on line 429
[08-Jul-2023 18:47:44 UTC] PHP Deprecated:  Constant FILTER_SANITIZE_STRING is deprecated in /var/www/html/wordpress-6.2.2/wordpress/wp-content/themes/astra/inc/metabox/class-astra-meta-boxes.php on line 429
[08-Jul-2023 18:47:44 UTC] PHP Deprecated:  Constant FILTER_SANITIZE_STRING is deprecated in /var/www/html/wordpress-6.2.2/wordpress/wp-content/themes/astra/inc/metabox/class-astra-meta-boxes.php on line 429
[08-Jul-2023 18:47:44 UTC] PHP Deprecated:  Constant FILTER_SANITIZE_STRING is deprecated in /var/www/html/wordpress-6.2.2/wordpress/wp-content/themes/astra/inc/metabox/class-astra-meta-boxes.php on line 429
[08-Jul-2023 18:51:16 UTC] PHP Warning:  An unexpected error occurred. Something may be wrong with WordPress.org or this server&#8217;s configuration. If you continue to have problems, please try the <a href="https://wordpress.org/support/forums/">support forums</a>. (WordPress could not establish a secure connection to WordPress.org. Please contact your server administrator.) in /var/www/html/wordpress-6.2.2/wordpress/wp-admin/includes/translation-install.php on line 68
[08-Jul-2023 18:52:35 UTC] PHP Warning:  An unexpected error occurred. Something may be wrong with WordPress.org or this server&#8217;s configuration. If you continue to have problems, please try the <a href="https://wordpress.org/support/forums/">support forums</a>. (WordPress could not establish a secure connection to WordPress.org. Please contact your server administrator.) in /var/www/html/wordpress-6.2.2/wordpress/wp-admin/includes/translation-install.php on line 68
[08-Jul-2023 18:52:54 UTC] PHP Warning:  An unexpected error occurred. Something may be wrong with WordPress.org or this server&#8217;s configuration. If you continue to have problems, please try the <a href="https://wordpress.org/support/forums/">support forums</a>. (WordPress could not establish a secure connection to WordPress.org. Please contact your server administrator.) in /var/www/html/wordpress-6.2.2/wordpress/wp-admin/includes/translation-install.php on line 68
[08-Jul-2023 18:53:41 UTC] PHP Warning:  An unexpected error occurred. Something may be wrong with WordPress.org or this server&#8217;s configuration. If you continue to have problems, please try the <a href="https://wordpress.org/support/forums/">support forums</a>. (WordPress could not establish a secure connection to WordPress.org. Please contact your server administrator.) in /var/www/html/wordpress-6.2.2/wordpress/wp-admin/includes/translation-install.php on line 68
[08-Jul-2023 18:58:40 UTC] PHP Deprecated:  Constant FILTER_SANITIZE_STRING is deprecated in /var/www/html/wordpress-6.2.2/wordpress/wp-content/themes/astra/inc/metabox/class-astra-meta-boxes.php on line 429
[08-Jul-2023 18:58:40 UTC] PHP Deprecated:  Constant FILTER_SANITIZE_STRING is deprecated in /var/www/html/wordpress-6.2.2/wordpress/wp-content/themes/astra/inc/metabox/class-astra-meta-boxes.php on line 429
[08-Jul-2023 18:58:40 UTC] PHP Deprecated:  Constant FILTER_SANITIZE_STRING is deprecated in /var/www/html/wordpress-6.2.2/wordpress/wp-content/themes/astra/inc/metabox/class-astra-meta-boxes.php on line 429
[08-Jul-2023 18:58:40 UTC] PHP Deprecated:  Constant FILTER_SANITIZE_STRING is deprecated in /var/www/html/wordpress-6.2.2/wordpress/wp-content/themes/astra/inc/metabox/class-astra-meta-boxes.php on line 429
[08-Jul-2023 18:58:40 UTC] PHP Deprecated:  Constant FILTER_SANITIZE_STRING is deprecated in /var/www/html/wordpress-6.2.2/wordpress/wp-content/themes/astra/inc/metabox/class-astra-meta-boxes.php on line 429
[08-Jul-2023 18:58:40 UTC] PHP Deprecated:  Constant FILTER_SANITIZE_STRING is deprecated in /var/www/html/wordpress-6.2.2/wordpress/wp-content/themes/astra/inc/metabox/class-astra-meta-boxes.php on line 429
[08-Jul-2023 18:58:40 UTC] PHP Deprecated:  Constant FILTER_SANITIZE_STRING is deprecated in /var/www/html/wordpress-6.2.2/wordpress/wp-content/themes/astra/inc/metabox/class-astra-meta-boxes.php on line 429
[08-Jul-2023 18:58:40 UTC] PHP Deprecated:  Constant FILTER_SANITIZE_STRING is deprecated in /var/www/html/wordpress-6.2.2/wordpress/wp-content/themes/astra/inc/metabox/class-astra-meta-boxes.php on line 429
[08-Jul-2023 18:58:40 UTC] PHP Deprecated:  Constant FILTER_SANITIZE_STRING is deprecated in /var/www/html/wordpress-6.2.2/wordpress/wp-content/themes/astra/inc/metabox/class-astra-meta-boxes.php on line 429
[08-Jul-2023 18:58:40 UTC] PHP Deprecated:  Constant FILTER_SANITIZE_STRING is deprecated in /var/www/html/wordpress-6.2.2/wordpress/wp-content/themes/astra/inc/metabox/class-astra-meta-boxes.php on line 429
[08-Jul-2023 18:58:40 UTC] PHP Deprecated:  Constant FILTER_SANITIZE_STRING is deprecated in /var/www/html/wordpress-6.2.2/wordpress/wp-content/themes/astra/inc/metabox/class-astra-meta-boxes.php on line 429
[08-Jul-2023 18:58:40 UTC] PHP Deprecated:  Constant FILTER_SANITIZE_STRING is deprecated in /var/www/html/wordpress-6.2.2/wordpress/wp-content/themes/astra/inc/metabox/class-astra-meta-boxes.php on line 429
[08-Jul-2023 18:58:40 UTC] PHP Deprecated:  Constant FILTER_SANITIZE_STRING is deprecated in /var/www/html/wordpress-6.2.2/wordpress/wp-content/themes/astra/inc/metabox/class-astra-meta-boxes.php on line 429
[08-Jul-2023 18:58:40 UTC] PHP Deprecated:  Constant FILTER_SANITIZE_STRING is deprecated in /var/www/html/wordpress-6.2.2/wordpress/wp-content/themes/astra/inc/metabox/class-astra-meta-boxes.php on line 429
[08-Jul-2023 19:31:27 UTC] PHP Deprecated:  Constant FILTER_SANITIZE_STRING is deprecated in /var/www/html/wordpress-6.2.2/wordpress/wp-content/themes/astra/inc/metabox/class-astra-meta-boxes.php on line 429
[08-Jul-2023 19:31:27 UTC] PHP Deprecated:  Constant FILTER_SANITIZE_STRING is deprecated in /var/www/html/wordpress-6.2.2/wordpress/wp-content/themes/astra/inc/metabox/class-astra-meta-boxes.php on line 429
[08-Jul-2023 19:31:27 UTC] PHP Deprecated:  Constant FILTER_SANITIZE_STRING is deprecated in /var/www/html/wordpress-6.2.2/wordpress/wp-content/themes/astra/inc/metabox/class-astra-meta-boxes.php on line 429
[08-Jul-2023 19:31:27 UTC] PHP Deprecated:  Constant FILTER_SANITIZE_STRING is deprecated in /var/www/html/wordpress-6.2.2/wordpress/wp-content/themes/astra/inc/metabox/class-astra-meta-boxes.php on line 429
[08-Jul-2023 19:31:27 UTC] PHP Deprecated:  Constant FILTER_SANITIZE_STRING is deprecated in /var/www/html/wordpress-6.2.2/wordpress/wp-content/themes/astra/inc/metabox/class-astra-meta-boxes.php on line 429
[08-Jul-2023 19:31:27 UTC] PHP Deprecated:  Constant FILTER_SANITIZE_STRING is deprecated in /var/www/html/wordpress-6.2.2/wordpress/wp-content/themes/astra/inc/metabox/class-astra-meta-boxes.php on line 429
[08-Jul-2023 19:31:27 UTC] PHP Deprecated:  Constant FILTER_SANITIZE_STRING is deprecated in /var/www/html/wordpress-6.2.2/wordpress/wp-content/themes/astra/inc/metabox/class-astra-meta-boxes.php on line 429
[08-Jul-2023 19:31:27 UTC] PHP Deprecated:  Constant FILTER_SANITIZE_STRING is deprecated in /var/www/html/wordpress-6.2.2/wordpress/wp-content/themes/astra/inc/metabox/class-astra-meta-boxes.php on line 429
[08-Jul-2023 19:31:27 UTC] PHP Deprecated:  Constant FILTER_SANITIZE_STRING is deprecated in /var/www/html/wordpress-6.2.2/wordpress/wp-content/themes/astra/inc/metabox/class-astra-meta-boxes.php on line 429
[08-Jul-2023 19:31:27 UTC] PHP Deprecated:  Constant FILTER_SANITIZE_STRING is deprecated in /var/www/html/wordpress-6.2.2/wordpress/wp-content/themes/astra/inc/metabox/class-astra-meta-boxes.php on line 429
[08-Jul-2023 19:31:27 UTC] PHP Deprecated:  Constant FILTER_SANITIZE_STRING is deprecated in /var/www/html/wordpress-6.2.2/wordpress/wp-content/themes/astra/inc/metabox/class-astra-meta-boxes.php on line 429
[08-Jul-2023 19:31:27 UTC] PHP Deprecated:  Constant FILTER_SANITIZE_STRING is deprecated in /var/www/html/wordpress-6.2.2/wordpress/wp-content/themes/astra/inc/metabox/class-astra-meta-boxes.php on line 429
[08-Jul-2023 19:31:27 UTC] PHP Deprecated:  Constant FILTER_SANITIZE_STRING is deprecated in /var/www/html/wordpress-6.2.2/wordpress/wp-content/themes/astra/inc/metabox/class-astra-meta-boxes.php on line 429
[08-Jul-2023 19:31:27 UTC] PHP Deprecated:  Constant FILTER_SANITIZE_STRING is deprecated in /var/www/html/wordpress-6.2.2/wordpress/wp-content/themes/astra/inc/metabox/class-astra-meta-boxes.php on line 429
[08-Jul-2023 20:17:46 UTC] PHP Deprecated:  Constant FILTER_SANITIZE_STRING is deprecated in /var/www/html/wordpress-6.2.2/wordpress/wp-content/themes/astra/inc/metabox/class-astra-meta-boxes.php on line 429
[08-Jul-2023 20:17:46 UTC] PHP Deprecated:  Constant FILTER_SANITIZE_STRING is deprecated in /var/www/html/wordpress-6.2.2/wordpress/wp-content/themes/astra/inc/metabox/class-astra-meta-boxes.php on line 429
[08-Jul-2023 20:17:46 UTC] PHP Deprecated:  Constant FILTER_SANITIZE_STRING is deprecated in /var/www/html/wordpress-6.2.2/wordpress/wp-content/themes/astra/inc/metabox/class-astra-meta-boxes.php on line 429
[08-Jul-2023 20:17:46 UTC] PHP Deprecated:  Constant FILTER_SANITIZE_STRING is deprecated in /var/www/html/wordpress-6.2.2/wordpress/wp-content/themes/astra/inc/metabox/class-astra-meta-boxes.php on line 429
[08-Jul-2023 20:17:46 UTC] PHP Deprecated:  Constant FILTER_SANITIZE_STRING is deprecated in /var/www/html/wordpress-6.2.2/wordpress/wp-content/themes/astra/inc/metabox/class-astra-meta-boxes.php on line 429
[08-Jul-2023 20:17:46 UTC] PHP Deprecated:  Constant FILTER_SANITIZE_STRING is deprecated in /var/www/html/wordpress-6.2.2/wordpress/wp-content/themes/astra/inc/metabox/class-astra-meta-boxes.php on line 429
[08-Jul-2023 20:17:46 UTC] PHP Deprecated:  Constant FILTER_SANITIZE_STRING is deprecated in /var/www/html/wordpress-6.2.2/wordpress/wp-content/themes/astra/inc/metabox/class-astra-meta-boxes.php on line 429
[08-Jul-2023 20:17:46 UTC] PHP Deprecated:  Constant FILTER_SANITIZE_STRING is deprecated in /var/www/html/wordpress-6.2.2/wordpress/wp-content/themes/astra/inc/metabox/class-astra-meta-boxes.php on line 429
[08-Jul-2023 20:17:46 UTC] PHP Deprecated:  Constant FILTER_SANITIZE_STRING is deprecated in /var/www/html/wordpress-6.2.2/wordpress/wp-content/themes/astra/inc/metabox/class-astra-meta-boxes.php on line 429
[08-Jul-2023 20:17:46 UTC] PHP Deprecated:  Constant FILTER_SANITIZE_STRING is deprecated in /var/www/html/wordpress-6.2.2/wordpress/wp-content/themes/astra/inc/metabox/class-astra-meta-boxes.php on line 429
[08-Jul-2023 20:17:46 UTC] PHP Deprecated:  Constant FILTER_SANITIZE_STRING is deprecated in /var/www/html/wordpress-6.2.2/wordpress/wp-content/themes/astra/inc/metabox/class-astra-meta-boxes.php on line 429
[08-Jul-2023 20:17:46 UTC] PHP Deprecated:  Constant FILTER_SANITIZE_STRING is deprecated in /var/www/html/wordpress-6.2.2/wordpress/wp-content/themes/astra/inc/metabox/class-astra-meta-boxes.php on line 429
[08-Jul-2023 20:17:46 UTC] PHP Deprecated:  Constant FILTER_SANITIZE_STRING is deprecated in /var/www/html/wordpress-6.2.2/wordpress/wp-content/themes/astra/inc/metabox/class-astra-meta-boxes.php on line 429
[08-Jul-2023 20:17:46 UTC] PHP Deprecated:  Constant FILTER_SANITIZE_STRING is deprecated in /var/www/html/wordpress-6.2.2/wordpress/wp-content/themes/astra/inc/metabox/class-astra-meta-boxes.php on line 429
[08-Jul-2023 20:31:41 UTC] PHP Deprecated:  Constant FILTER_SANITIZE_STRING is deprecated in /var/www/html/wordpress-6.2.2/wordpress/wp-content/themes/astra/inc/metabox/class-astra-meta-boxes.php on line 429
[08-Jul-2023 20:31:41 UTC] PHP Deprecated:  Constant FILTER_SANITIZE_STRING is deprecated in /var/www/html/wordpress-6.2.2/wordpress/wp-content/themes/astra/inc/metabox/class-astra-meta-boxes.php on line 429
[08-Jul-2023 20:31:41 UTC] PHP Deprecated:  Constant FILTER_SANITIZE_STRING is deprecated in /var/www/html/wordpress-6.2.2/wordpress/wp-content/themes/astra/inc/metabox/class-astra-meta-boxes.php on line 429
[08-Jul-2023 20:31:41 UTC] PHP Deprecated:  Constant FILTER_SANITIZE_STRING is deprecated in /var/www/html/wordpress-6.2.2/wordpress/wp-content/themes/astra/inc/metabox/class-astra-meta-boxes.php on line 429
[08-Jul-2023 20:31:41 UTC] PHP Deprecated:  Constant FILTER_SANITIZE_STRING is deprecated in /var/www/html/wordpress-6.2.2/wordpress/wp-content/themes/astra/inc/metabox/class-astra-meta-boxes.php on line 429
[08-Jul-2023 20:31:41 UTC] PHP Deprecated:  Constant FILTER_SANITIZE_STRING is deprecated in /var/www/html/wordpress-6.2.2/wordpress/wp-content/themes/astra/inc/metabox/class-astra-meta-boxes.php on line 429
[08-Jul-2023 20:31:41 UTC] PHP Deprecated:  Constant FILTER_SANITIZE_STRING is deprecated in /var/www/html/wordpress-6.2.2/wordpress/wp-content/themes/astra/inc/metabox/class-astra-meta-boxes.php on line 429
[08-Jul-2023 20:31:41 UTC] PHP Deprecated:  Constant FILTER_SANITIZE_STRING is deprecated in /var/www/html/wordpress-6.2.2/wordpress/wp-content/themes/astra/inc/metabox/class-astra-meta-boxes.php on line 429
[08-Jul-2023 20:31:41 UTC] PHP Deprecated:  Constant FILTER_SANITIZE_STRING is deprecated in /var/www/html/wordpress-6.2.2/wordpress/wp-content/themes/astra/inc/metabox/class-astra-meta-boxes.php on line 429
[08-Jul-2023 20:31:41 UTC] PHP Deprecated:  Constant FILTER_SANITIZE_STRING is deprecated in /var/www/html/wordpress-6.2.2/wordpress/wp-content/themes/astra/inc/metabox/class-astra-meta-boxes.php on line 429
[08-Jul-2023 20:31:41 UTC] PHP Deprecated:  Constant FILTER_SANITIZE_STRING is deprecated in /var/www/html/wordpress-6.2.2/wordpress/wp-content/themes/astra/inc/metabox/class-astra-meta-boxes.php on line 429
[08-Jul-2023 20:31:41 UTC] PHP Deprecated:  Constant FILTER_SANITIZE_STRING is deprecated in /var/www/html/wordpress-6.2.2/wordpress/wp-content/themes/astra/inc/metabox/class-astra-meta-boxes.php on line 429
[08-Jul-2023 20:31:41 UTC] PHP Deprecated:  Constant FILTER_SANITIZE_STRING is deprecated in /var/www/html/wordpress-6.2.2/wordpress/wp-content/themes/astra/inc/metabox/class-astra-meta-boxes.php on line 429
[08-Jul-2023 20:31:41 UTC] PHP Deprecated:  Constant FILTER_SANITIZE_STRING is deprecated in /var/www/html/wordpress-6.2.2/wordpress/wp-content/themes/astra/inc/metabox/class-astra-meta-boxes.php on line 429
[08-Jul-2023 20:42:24 UTC] PHP Warning:  Trying to access array offset on value of type null in /var/www/html/wordpress-6.2.2/wordpress/wp-content/plugins/wordpress-seo/src/integrations/admin/helpscout-beacon.php on line 258
[08-Jul-2023 20:42:24 UTC] PHP Warning:  Trying to access array offset on value of type null in /var/www/html/wordpress-6.2.2/wordpress/wp-content/plugins/wordpress-seo/src/integrations/admin/helpscout-beacon.php on line 258
[09-Jul-2023 16:31:06 UTC] PHP Warning:  An unexpected error occurred. Something may be wrong with WordPress.org or this server&#8217;s configuration. If you continue to have problems, please try the <a href="https://wordpress.org/support/forums/">support forums</a>. (WordPress could not establish a secure connection to WordPress.org. Please contact your server administrator.) in /var/www/html/wordpress-6.2.2/wordpress/wp-admin/includes/plugin-install.php on line 183
[09-Jul-2023 16:35:38 UTC] PHP Warning:  Trying to access array offset on value of type null in /var/www/html/wordpress-6.2.2/wordpress/wp-content/plugins/wordpress-seo/src/integrations/admin/helpscout-beacon.php on line 258
[09-Jul-2023 16:35:38 UTC] PHP Warning:  Trying to access array offset on value of type null in /var/www/html/wordpress-6.2.2/wordpress/wp-content/plugins/wordpress-seo/src/integrations/admin/helpscout-beacon.php on line 258
[09-Jul-2023 19:48:17 UTC] PHP Warning:  Attempt to read property "post_type" on null in /var/www/html/wordpress-6.2.2/wordpress/wp-content/plugins/wordpress-seo/src/integrations/third-party/elementor.php on line 151
[09-Jul-2023 19:50:16 UTC] PHP Warning:  An unexpected error occurred. Something may be wrong with WordPress.org or this server&#8217;s configuration. If you continue to have problems, please try the <a href="https://wordpress.org/support/forums/">support forums</a>. (WordPress could not establish a secure connection to WordPress.org. Please contact your server administrator.) in /var/www/html/wordpress-6.2.2/wordpress/wp-admin/includes/translation-install.php on line 68
[09-Jul-2023 19:59:34 UTC] PHP Warning:  Undefined array key "data" in /var/www/html/wordpress-6.2.2/wordpress/wp-content/plugins/elementor/core/common/modules/ajax/module.php on line 175
[09-Jul-2023 19:59:34 UTC] PHP Warning:  Trying to access array offset on value of type null in /var/www/html/wordpress-6.2.2/wordpress/wp-content/plugins/elementor/modules/history/revisions-manager.php on line 363
[09-Jul-2023 20:01:43 UTC] PHP Warning:  Attempt to read property "post_type" on null in /var/www/html/wordpress-6.2.2/wordpress/wp-content/plugins/wordpress-seo/src/integrations/third-party/elementor.php on line 151
[09-Jul-2023 20:03:06 UTC] PHP Warning:  Attempt to read property "post_type" on null in /var/www/html/wordpress-6.2.2/wordpress/wp-content/plugins/wordpress-seo/src/integrations/third-party/elementor.php on line 151
[09-Jul-2023 20:12:12 UTC] PHP Warning:  Undefined array key "data" in /var/www/html/wordpress-6.2.2/wordpress/wp-content/plugins/elementor/core/common/modules/ajax/module.php on line 175
[09-Jul-2023 20:12:12 UTC] PHP Warning:  Trying to access array offset on value of type null in /var/www/html/wordpress-6.2.2/wordpress/wp-content/plugins/elementor/modules/history/revisions-manager.php on line 363
[09-Jul-2023 20:56:27 UTC] PHP Warning:  An unexpected error occurred. Something may be wrong with WordPress.org or this server&#8217;s configuration. If you continue to have problems, please try the <a href="https://wordpress.org/support/forums/">support forums</a>. (WordPress could not establish a secure connection to WordPress.org. Please contact your server administrator.) in /var/www/html/wordpress-6.2.2/wordpress/wp-admin/includes/plugin-install.php on line 183
[09-Jul-2023 21:16:07 UTC] PHP Warning:  Undefined variable $options in /var/www/html/wordpress-6.2.2/wordpress/wp-content/plugins/astra-sites/inc/classes/class-astra-sites.php on line 2312
[09-Jul-2023 21:16:07 UTC] PHP Warning:  Undefined variable $enabled_extensions in /var/www/html/wordpress-6.2.2/wordpress/wp-content/plugins/astra-sites/inc/classes/class-astra-sites.php on line 2312
[09-Jul-2023 21:17:23 UTC] PHP Warning:  Undefined variable $options in /var/www/html/wordpress-6.2.2/wordpress/wp-content/plugins/astra-sites/inc/classes/class-astra-sites.php on line 2312
[09-Jul-2023 21:17:23 UTC] PHP Warning:  Undefined variable $enabled_extensions in /var/www/html/wordpress-6.2.2/wordpress/wp-content/plugins/astra-sites/inc/classes/class-astra-sites.php on line 2312
[09-Jul-2023 22:05:40 UTC] PHP Warning:  Undefined variable $options in /var/www/html/wordpress-6.2.2/wordpress/wp-content/plugins/astra-sites/inc/classes/class-astra-sites.php on line 2312
[09-Jul-2023 22:05:40 UTC] PHP Warning:  Undefined variable $enabled_extensions in /var/www/html/wordpress-6.2.2/wordpress/wp-content/plugins/astra-sites/inc/classes/class-astra-sites.php on line 2312
[09-Jul-2023 22:29:23 UTC] PHP Warning:  Attempt to read property "post_type" on null in /var/www/html/wordpress-6.2.2/wordpress/wp-content/plugins/wordpress-seo/src/integrations/third-party/elementor.php on line 151
[10-Jul-2023 09:45:12 UTC] PHP Warning:  Attempt to read property "post_type" on null in /var/www/html/wordpress-6.2.2/wordpress/wp-content/plugins/wordpress-seo/src/integrations/third-party/elementor.php on line 151
[10-Jul-2023 09:46:41 UTC] PHP Warning:  Attempt to read property "post_type" on null in /var/www/html/wordpress-6.2.2/wordpress/wp-content/plugins/wordpress-seo/src/integrations/third-party/elementor.php on line 151
[10-Jul-2023 09:47:04 UTC] PHP Warning:  Attempt to read property "post_type" on null in /var/www/html/wordpress-6.2.2/wordpress/wp-content/plugins/wordpress-seo/src/integrations/third-party/elementor.php on line 151
[10-Jul-2023 10:00:35 UTC] PHP Warning:  Attempt to read property "post_type" on null in /var/www/html/wordpress-6.2.2/wordpress/wp-content/plugins/wordpress-seo/src/integrations/third-party/elementor.php on line 151
[10-Jul-2023 10:12:03 UTC] PHP Warning:  Attempt to read property "post_type" on null in /var/www/html/wordpress-6.2.2/wordpress/wp-content/plugins/wordpress-seo/src/integrations/third-party/elementor.php on line 151
[10-Jul-2023 13:26:27 UTC] PHP Warning:  Attempt to read property "post_type" on null in /var/www/html/wordpress-6.2.2/wordpress/wp-content/plugins/wordpress-seo/src/integrations/third-party/elementor.php on line 151
[10-Jul-2023 13:31:04 UTC] PHP Warning:  Attempt to read property "post_type" on null in /var/www/html/wordpress-6.2.2/wordpress/wp-content/plugins/wordpress-seo/src/integrations/third-party/elementor.php on line 151
[10-Jul-2023 13:40:33 UTC] PHP Warning:  Attempt to read property "post_type" on null in /var/www/html/wordpress-6.2.2/wordpress/wp-content/plugins/wordpress-seo/src/integrations/third-party/elementor.php on line 151
[10-Jul-2023 14:05:40 UTC] PHP Warning:  Attempt to read property "post_type" on null in /var/www/html/wordpress-6.2.2/wordpress/wp-content/plugins/wordpress-seo/src/integrations/third-party/elementor.php on line 151
[10-Jul-2023 14:08:39 UTC] PHP Warning:  Attempt to read property "post_type" on null in /var/www/html/wordpress-6.2.2/wordpress/wp-content/plugins/wordpress-seo/src/integrations/third-party/elementor.php on line 151
[10-Jul-2023 14:11:09 UTC] PHP Warning:  Attempt to read property "post_type" on null in /var/www/html/wordpress-6.2.2/wordpress/wp-content/plugins/wordpress-seo/src/integrations/third-party/elementor.php on line 151
