[07-Jul-2023 14:53:02 Africa/Addis_Ababa] PHP Fatal error:  Uncaught mysqli_sql_exception: No such file or directory in /var/www/html/wordpress-6.2.2/wordpress/test.php:3
Stack trace:
#0 /var/www/html/wordpress-6.2.2/wordpress/test.php(3): mysqli_connect()
#1 {main}
  thrown in /var/www/html/wordpress-6.2.2/wordpress/test.php on line 3
[07-Jul-2023 14:53:55 Africa/Addis_Ababa] PHP Warning:  mysqli_connect(): php_network_getaddresses: getaddrinfo for http failed: Temporary failure in name resolution in /var/www/html/wordpress-6.2.2/wordpress/test.php on line 3
[07-Jul-2023 14:53:55 Africa/Addis_Ababa] PHP Fatal error:  Uncaught mysqli_sql_exception: php_network_getaddresses: getaddrinfo for http failed: Temporary failure in name resolution in /var/www/html/wordpress-6.2.2/wordpress/test.php:3
Stack trace:
#0 /var/www/html/wordpress-6.2.2/wordpress/test.php(3): mysqli_connect()
#1 {main}
  thrown in /var/www/html/wordpress-6.2.2/wordpress/test.php on line 3
[07-Jul-2023 14:55:38 Africa/Addis_Ababa] PHP Fatal error:  Uncaught Error: Object of class mysqli could not be converted to string in /var/www/html/wordpress-6.2.2/wordpress/test.php:4
Stack trace:
#0 {main}
  thrown in /var/www/html/wordpress-6.2.2/wordpress/test.php on line 4
[07-Jul-2023 12:08:19 UTC] PHP Warning:  An unexpected error occurred. Something may be wrong with WordPress.org or this server&#8217;s configuration. If you continue to have problems, please try the <a href="https://wordpress.org/support/forums/">support forums</a>. (WordPress could not establish a secure connection to WordPress.org. Please contact your server administrator.) in /var/www/html/wordpress-6.2.2/wordpress/wp-includes/update.php on line 209
[07-Jul-2023 12:09:09 UTC] PHP Warning:  An unexpected error occurred. Something may be wrong with WordPress.org or this server&#8217;s configuration. If you continue to have problems, please try the <a href="https://wordpress.org/support/forums/">support forums</a>. (WordPress could not establish a secure connection to WordPress.org. Please contact your server administrator.) in /var/www/html/wordpress-6.2.2/wordpress/wp-includes/update.php on line 447
[07-Jul-2023 13:56:03 UTC] PHP Deprecated:  rtrim(): Passing null to parameter #1 ($string) of type string is deprecated in /var/www/html/wordpress-6.2.2/wordpress/wp-includes/formatting.php on line 2809
[08-Jul-2023 07:47:28 UTC] PHP Warning:  An unexpected error occurred. Something may be wrong with WordPress.org or this server&#8217;s configuration. If you continue to have problems, please try the <a href="https://wordpress.org/support/forums/">support forums</a>. (WordPress could not establish a secure connection to WordPress.org. Please contact your server administrator.) in /var/www/html/wordpress-6.2.2/wordpress/wp-includes/update.php on line 209
[08-Jul-2023 07:47:28 UTC] PHP Warning:  An unexpected error occurred. Something may be wrong with WordPress.org or this server&#8217;s configuration. If you continue to have problems, please try the <a href="https://wordpress.org/support/forums/">support forums</a>. (WordPress could not establish a secure connection to WordPress.org. Please contact your server administrator.) in /var/www/html/wordpress-6.2.2/wordpress/wp-includes/update.php on line 447
[08-Jul-2023 07:47:28 UTC] PHP Warning:  An unexpected error occurred. Something may be wrong with WordPress.org or this server&#8217;s configuration. If you continue to have problems, please try the <a href="https://wordpress.org/support/forums/">support forums</a>. (WordPress could not establish a secure connection to WordPress.org. Please contact your server administrator.) in /var/www/html/wordpress-6.2.2/wordpress/wp-includes/update.php on line 728
[08-Jul-2023 08:06:00 UTC] PHP Deprecated:  preg_replace(): Passing null to parameter #3 ($subject) of type array|string is deprecated in /var/www/html/wordpress-6.2.2/wordpress/wp-includes/kses.php on line 1729
[08-Jul-2023 08:22:45 UTC] PHP Deprecated:  trim(): Passing null to parameter #1 ($string) of type string is deprecated in /var/www/html/wordpress-6.2.2/wordpress/wp-content/plugins/wordpress-seo/src/presenters/canonical-presenter.php on line 50
[08-Jul-2023 08:24:40 UTC] PHP Deprecated:  trim(): Passing null to parameter #1 ($string) of type string is deprecated in /var/www/html/wordpress-6.2.2/wordpress/wp-content/plugins/wordpress-seo/src/presenters/canonical-presenter.php on line 50
[08-Jul-2023 08:25:10 UTC] PHP Deprecated:  trim(): Passing null to parameter #1 ($string) of type string is deprecated in /var/www/html/wordpress-6.2.2/wordpress/wp-content/plugins/wordpress-seo/src/presenters/canonical-presenter.php on line 50
[08-Jul-2023 08:29:16 UTC] PHP Deprecated:  trim(): Passing null to parameter #1 ($string) of type string is deprecated in /var/www/html/wordpress-6.2.2/wordpress/wp-content/plugins/wordpress-seo/src/presenters/canonical-presenter.php on line 50
[08-Jul-2023 08:29:48 UTC] PHP Deprecated:  trim(): Passing null to parameter #1 ($string) of type string is deprecated in /var/www/html/wordpress-6.2.2/wordpress/wp-content/plugins/wordpress-seo/src/presenters/canonical-presenter.php on line 50
[08-Jul-2023 08:29:49 UTC] PHP Deprecated:  trim(): Passing null to parameter #1 ($string) of type string is deprecated in /var/www/html/wordpress-6.2.2/wordpress/wp-content/plugins/wordpress-seo/src/presenters/canonical-presenter.php on line 50
[08-Jul-2023 08:29:55 UTC] PHP Deprecated:  trim(): Passing null to parameter #1 ($string) of type string is deprecated in /var/www/html/wordpress-6.2.2/wordpress/wp-content/plugins/wordpress-seo/src/presenters/canonical-presenter.php on line 50
[08-Jul-2023 08:30:01 UTC] PHP Deprecated:  trim(): Passing null to parameter #1 ($string) of type string is deprecated in /var/www/html/wordpress-6.2.2/wordpress/wp-content/plugins/wordpress-seo/src/presenters/canonical-presenter.php on line 50
[08-Jul-2023 08:30:09 UTC] PHP Deprecated:  trim(): Passing null to parameter #1 ($string) of type string is deprecated in /var/www/html/wordpress-6.2.2/wordpress/wp-content/plugins/wordpress-seo/src/presenters/canonical-presenter.php on line 50
[08-Jul-2023 08:30:17 UTC] PHP Deprecated:  trim(): Passing null to parameter #1 ($string) of type string is deprecated in /var/www/html/wordpress-6.2.2/wordpress/wp-content/plugins/wordpress-seo/src/presenters/canonical-presenter.php on line 50
[08-Jul-2023 08:30:18 UTC] PHP Deprecated:  trim(): Passing null to parameter #1 ($string) of type string is deprecated in /var/www/html/wordpress-6.2.2/wordpress/wp-content/plugins/wordpress-seo/src/presenters/canonical-presenter.php on line 50
[08-Jul-2023 08:30:19 UTC] PHP Deprecated:  trim(): Passing null to parameter #1 ($string) of type string is deprecated in /var/www/html/wordpress-6.2.2/wordpress/wp-content/plugins/wordpress-seo/src/presenters/canonical-presenter.php on line 50
[08-Jul-2023 08:30:21 UTC] PHP Deprecated:  trim(): Passing null to parameter #1 ($string) of type string is deprecated in /var/www/html/wordpress-6.2.2/wordpress/wp-content/plugins/wordpress-seo/src/presenters/canonical-presenter.php on line 50
[08-Jul-2023 08:30:21 UTC] PHP Deprecated:  trim(): Passing null to parameter #1 ($string) of type string is deprecated in /var/www/html/wordpress-6.2.2/wordpress/wp-content/plugins/wordpress-seo/src/presenters/canonical-presenter.php on line 50
[08-Jul-2023 08:31:00 UTC] PHP Deprecated:  trim(): Passing null to parameter #1 ($string) of type string is deprecated in /var/www/html/wordpress-6.2.2/wordpress/wp-content/plugins/wordpress-seo/src/presenters/canonical-presenter.php on line 50
[08-Jul-2023 08:31:05 UTC] PHP Deprecated:  trim(): Passing null to parameter #1 ($string) of type string is deprecated in /var/www/html/wordpress-6.2.2/wordpress/wp-content/plugins/wordpress-seo/src/presenters/canonical-presenter.php on line 50
[08-Jul-2023 08:31:13 UTC] PHP Deprecated:  trim(): Passing null to parameter #1 ($string) of type string is deprecated in /var/www/html/wordpress-6.2.2/wordpress/wp-content/plugins/wordpress-seo/src/presenters/canonical-presenter.php on line 50
[08-Jul-2023 08:31:18 UTC] PHP Deprecated:  trim(): Passing null to parameter #1 ($string) of type string is deprecated in /var/www/html/wordpress-6.2.2/wordpress/wp-content/plugins/wordpress-seo/src/presenters/canonical-presenter.php on line 50
[08-Jul-2023 08:31:33 UTC] PHP Deprecated:  trim(): Passing null to parameter #1 ($string) of type string is deprecated in /var/www/html/wordpress-6.2.2/wordpress/wp-content/plugins/wordpress-seo/src/presenters/canonical-presenter.php on line 50
[08-Jul-2023 08:31:59 UTC] PHP Deprecated:  trim(): Passing null to parameter #1 ($string) of type string is deprecated in /var/www/html/wordpress-6.2.2/wordpress/wp-content/plugins/wordpress-seo/src/presenters/canonical-presenter.php on line 50
[08-Jul-2023 08:32:03 UTC] PHP Deprecated:  trim(): Passing null to parameter #1 ($string) of type string is deprecated in /var/www/html/wordpress-6.2.2/wordpress/wp-content/plugins/wordpress-seo/src/presenters/canonical-presenter.php on line 50
[08-Jul-2023 08:32:10 UTC] PHP Deprecated:  trim(): Passing null to parameter #1 ($string) of type string is deprecated in /var/www/html/wordpress-6.2.2/wordpress/wp-content/plugins/wordpress-seo/src/presenters/canonical-presenter.php on line 50
[08-Jul-2023 08:32:15 UTC] PHP Deprecated:  trim(): Passing null to parameter #1 ($string) of type string is deprecated in /var/www/html/wordpress-6.2.2/wordpress/wp-content/plugins/wordpress-seo/src/presenters/canonical-presenter.php on line 50
[08-Jul-2023 08:32:30 UTC] PHP Deprecated:  trim(): Passing null to parameter #1 ($string) of type string is deprecated in /var/www/html/wordpress-6.2.2/wordpress/wp-content/plugins/wordpress-seo/src/presenters/canonical-presenter.php on line 50
[08-Jul-2023 08:32:37 UTC] PHP Deprecated:  trim(): Passing null to parameter #1 ($string) of type string is deprecated in /var/www/html/wordpress-6.2.2/wordpress/wp-content/plugins/wordpress-seo/src/presenters/canonical-presenter.php on line 50
[08-Jul-2023 08:32:41 UTC] PHP Deprecated:  trim(): Passing null to parameter #1 ($string) of type string is deprecated in /var/www/html/wordpress-6.2.2/wordpress/wp-content/plugins/wordpress-seo/src/presenters/canonical-presenter.php on line 50
[08-Jul-2023 08:33:02 UTC] PHP Deprecated:  trim(): Passing null to parameter #1 ($string) of type string is deprecated in /var/www/html/wordpress-6.2.2/wordpress/wp-content/plugins/wordpress-seo/src/presenters/canonical-presenter.php on line 50
[08-Jul-2023 08:34:30 UTC] PHP Deprecated:  trim(): Passing null to parameter #1 ($string) of type string is deprecated in /var/www/html/wordpress-6.2.2/wordpress/wp-content/plugins/wordpress-seo/src/presenters/canonical-presenter.php on line 50
[08-Jul-2023 08:36:47 UTC] PHP Deprecated:  trim(): Passing null to parameter #1 ($string) of type string is deprecated in /var/www/html/wordpress-6.2.2/wordpress/wp-content/plugins/wordpress-seo/src/presenters/canonical-presenter.php on line 50
[08-Jul-2023 08:36:55 UTC] PHP Deprecated:  trim(): Passing null to parameter #1 ($string) of type string is deprecated in /var/www/html/wordpress-6.2.2/wordpress/wp-content/plugins/wordpress-seo/src/presenters/canonical-presenter.php on line 50
[08-Jul-2023 08:37:16 UTC] PHP Deprecated:  trim(): Passing null to parameter #1 ($string) of type string is deprecated in /var/www/html/wordpress-6.2.2/wordpress/wp-content/plugins/wordpress-seo/src/presenters/canonical-presenter.php on line 50
[08-Jul-2023 08:38:01 UTC] PHP Deprecated:  trim(): Passing null to parameter #1 ($string) of type string is deprecated in /var/www/html/wordpress-6.2.2/wordpress/wp-content/plugins/wordpress-seo/src/presenters/canonical-presenter.php on line 50
[08-Jul-2023 08:39:19 UTC] PHP Deprecated:  trim(): Passing null to parameter #1 ($string) of type string is deprecated in /var/www/html/wordpress-6.2.2/wordpress/wp-content/plugins/wordpress-seo/src/presenters/canonical-presenter.php on line 50
[08-Jul-2023 12:31:19 UTC] PHP Warning:  An unexpected error occurred. Something may be wrong with WordPress.org or this server&#8217;s configuration. If you continue to have problems, please try the <a href="https://wordpress.org/support/forums/">support forums</a>. (WordPress could not establish a secure connection to WordPress.org. Please contact your server administrator.) in /var/www/html/wordpress-6.2.2/wordpress/wp-admin/includes/update.php on line 143
[08-Jul-2023 12:31:21 UTC] PHP Warning:  An unexpected error occurred. Something may be wrong with WordPress.org or this server&#8217;s configuration. If you continue to have problems, please try the <a href="https://wordpress.org/support/forums/">support forums</a>. (WordPress could not establish a secure connection to WordPress.org. Please contact your server administrator.) in /var/www/html/wordpress-6.2.2/wordpress/wp-includes/update.php on line 209
[08-Jul-2023 12:31:21 UTC] PHP Warning:  An unexpected error occurred. Something may be wrong with WordPress.org or this server&#8217;s configuration. If you continue to have problems, please try the <a href="https://wordpress.org/support/forums/">support forums</a>. (WordPress could not establish a secure connection to WordPress.org. Please contact your server administrator.) in /var/www/html/wordpress-6.2.2/wordpress/wp-includes/update.php on line 447
[08-Jul-2023 12:31:21 UTC] PHP Warning:  An unexpected error occurred. Something may be wrong with WordPress.org or this server&#8217;s configuration. If you continue to have problems, please try the <a href="https://wordpress.org/support/forums/">support forums</a>. (WordPress could not establish a secure connection to WordPress.org. Please contact your server administrator.) in /var/www/html/wordpress-6.2.2/wordpress/wp-includes/update.php on line 728
[08-Jul-2023 12:32:06 UTC] PHP Deprecated:  trim(): Passing null to parameter #1 ($string) of type string is deprecated in /var/www/html/wordpress-6.2.2/wordpress/wp-content/plugins/wordpress-seo/src/presenters/canonical-presenter.php on line 50
[08-Jul-2023 12:41:35 UTC] PHP Deprecated:  trim(): Passing null to parameter #1 ($string) of type string is deprecated in /var/www/html/wordpress-6.2.2/wordpress/wp-content/plugins/wordpress-seo/src/presenters/canonical-presenter.php on line 50
[08-Jul-2023 12:41:36 UTC] PHP Deprecated:  trim(): Passing null to parameter #1 ($string) of type string is deprecated in /var/www/html/wordpress-6.2.2/wordpress/wp-content/plugins/wordpress-seo/src/presenters/canonical-presenter.php on line 50
[08-Jul-2023 12:41:38 UTC] PHP Deprecated:  trim(): Passing null to parameter #1 ($string) of type string is deprecated in /var/www/html/wordpress-6.2.2/wordpress/wp-content/plugins/wordpress-seo/src/presenters/canonical-presenter.php on line 50
[08-Jul-2023 12:41:41 UTC] PHP Deprecated:  trim(): Passing null to parameter #1 ($string) of type string is deprecated in /var/www/html/wordpress-6.2.2/wordpress/wp-content/plugins/wordpress-seo/src/presenters/canonical-presenter.php on line 50
[08-Jul-2023 12:41:42 UTC] PHP Deprecated:  trim(): Passing null to parameter #1 ($string) of type string is deprecated in /var/www/html/wordpress-6.2.2/wordpress/wp-content/plugins/wordpress-seo/src/presenters/canonical-presenter.php on line 50
[08-Jul-2023 12:41:52 UTC] PHP Deprecated:  trim(): Passing null to parameter #1 ($string) of type string is deprecated in /var/www/html/wordpress-6.2.2/wordpress/wp-content/plugins/wordpress-seo/src/presenters/canonical-presenter.php on line 50
[08-Jul-2023 12:41:57 UTC] PHP Deprecated:  trim(): Passing null to parameter #1 ($string) of type string is deprecated in /var/www/html/wordpress-6.2.2/wordpress/wp-content/plugins/wordpress-seo/src/presenters/canonical-presenter.php on line 50
[08-Jul-2023 12:42:11 UTC] PHP Deprecated:  trim(): Passing null to parameter #1 ($string) of type string is deprecated in /var/www/html/wordpress-6.2.2/wordpress/wp-content/plugins/wordpress-seo/src/presenters/canonical-presenter.php on line 50
[08-Jul-2023 12:42:44 UTC] PHP Deprecated:  trim(): Passing null to parameter #1 ($string) of type string is deprecated in /var/www/html/wordpress-6.2.2/wordpress/wp-content/plugins/wordpress-seo/src/presenters/canonical-presenter.php on line 50
[08-Jul-2023 19:20:37 UTC] PHP Deprecated:  preg_replace(): Passing null to parameter #3 ($subject) of type array|string is deprecated in /var/www/html/wordpress-6.2.2/wordpress/wp-includes/kses.php on line 1729
[08-Jul-2023 19:44:20 UTC] PHP Deprecated:  preg_replace(): Passing null to parameter #3 ($subject) of type array|string is deprecated in /var/www/html/wordpress-6.2.2/wordpress/wp-includes/kses.php on line 1729
[08-Jul-2023 19:45:12 UTC] PHP Deprecated:  preg_replace(): Passing null to parameter #3 ($subject) of type array|string is deprecated in /var/www/html/wordpress-6.2.2/wordpress/wp-includes/kses.php on line 1729
[08-Jul-2023 19:45:19 UTC] PHP Deprecated:  preg_replace(): Passing null to parameter #3 ($subject) of type array|string is deprecated in /var/www/html/wordpress-6.2.2/wordpress/wp-includes/kses.php on line 1729
[08-Jul-2023 20:17:56 UTC] PHP Deprecated:  preg_replace(): Passing null to parameter #3 ($subject) of type array|string is deprecated in /var/www/html/wordpress-6.2.2/wordpress/wp-includes/kses.php on line 1729
[08-Jul-2023 20:34:01 UTC] PHP Deprecated:  preg_replace(): Passing null to parameter #3 ($subject) of type array|string is deprecated in /var/www/html/wordpress-6.2.2/wordpress/wp-includes/kses.php on line 1729
[08-Jul-2023 20:36:48 UTC] PHP Deprecated:  preg_replace(): Passing null to parameter #3 ($subject) of type array|string is deprecated in /var/www/html/wordpress-6.2.2/wordpress/wp-includes/kses.php on line 1729
